<?xml version="1.0" encoding="UTF-8"?>
<!-- Generated by org.testng.reporters.JUnitReportReporter -->
<testsuite hostname="salman-PC" name="Testcase.Gcrit" tests="1" failures="0" timestamp="14 Feb 2020 11:54:21 GMT" time="7.296" errors="0">
  <testcase name="launchapplication" time="7.296" classname="Testcase.Gcrit"/>
</testsuite> <!-- Testcase.Gcrit -->
